app/build/intermediates/manifest_merge_blame_file/debug/manifest-merger-blame-debug-report.txt
1<?xml version="1.0" encoding="utf-8"?>
2<manifest xmlns:android="http://schemas.android.com/apk/res/android"
3    package="com.example.indiacastdemo"
4    android:versionCode="1"
5    android:versionName="1.0" >
6
7    <uses-sdk
8        android:minSdkVersion="19"
8-->src\main\AndroidManifest.xml
9        android:targetSdkVersion="28" />
9-->src\main\AndroidManifest.xml
10
11    <uses-permission android:name="android.permission.INTERNET" />
11-->src\main\AndroidManifest.xml:6:5-67
11-->src\main\AndroidManifest.xml:6:22-64
12    <uses-permission android:name="com.google.android.c2dm.permission.RECEIVE" />
12-->src\main\AndroidManifest.xml:7:5-82
12-->src\main\AndroidManifest.xml:7:22-79
13    <uses-permission android:name="android.permission.READ_EXTERNAL_STORAGE" />
13-->src\main\AndroidManifest.xml:8:5-80
13-->src\main\AndroidManifest.xml:8:22-77
14
15    <uses-feature
15-->src\main\AndroidManifest.xml:9:5-11:35
16        android:name="android.hardware.camera"
16-->src\main\AndroidManifest.xml:10:9-47
17        android:required="true" />
17-->src\main\AndroidManifest.xml:11:9-32
18
19    <uses-permission android:name="android.permission.WRITE_EXTERNAL_STORAGE" />
19-->src\main\AndroidManifest.xml:12:5-81
19-->src\main\AndroidManifest.xml:12:22-78
20    <uses-permission android:name="android.permission.ACCESS_NETWORK_STATE" />
20-->src\main\AndroidManifest.xml:13:5-79
20-->src\main\AndroidManifest.xml:13:22-76
21    <uses-permission android:name="android.permission.ACCESS_WIFI_STATE" />
21-->src\main\AndroidManifest.xml:14:5-76
21-->src\main\AndroidManifest.xml:14:22-73
22    <uses-permission android:name="android.permission.WAKE_LOCK" />
22-->[com.google.firebase:firebase-messaging:22.0.0] AndroidManifest.xml:23:5-68
22-->[com.google.firebase:firebase-messaging:22.0.0] AndroidManifest.xml:23:22-65
23    <uses-permission android:name="com.google.android.finsky.permission.BIND_GET_INSTALL_REFERRER_SERVICE" />
23-->[com.google.android.gms:play-services-measurement:19.0.0] AndroidManifest.xml:26:5-110
23-->[com.google.android.gms:play-services-measurement:19.0.0] AndroidManifest.xml:26:22-107
24
25    <application
25-->src\main\AndroidManifest.xml:16:5-73:19
26        android:allowBackup="true"
26-->src\main\AndroidManifest.xml:17:9-35
27        android:debuggable="true"
28        android:icon="@mipmap/ic_launcher_foreground"
28-->src\main\AndroidManifest.xml:18:9-54
29        android:label="@string/app_name"
29-->src\main\AndroidManifest.xml:19:9-41
30        android:roundIcon="@mipmap/ic_launcher_foreground"
30-->src\main\AndroidManifest.xml:20:9-59
31        android:screenOrientation="portrait"
31-->src\main\AndroidManifest.xml:21:9-45
32        android:supportsRtl="true"
32-->src\main\AndroidManifest.xml:22:9-35
33        android:testOnly="true"
34        android:theme="@style/AppTheme"
34-->src\main\AndroidManifest.xml:23:9-40
35        android:usesCleartextTraffic="true" >
35-->src\main\AndroidManifest.xml:25:9-44
36        <activity
36-->src\main\AndroidManifest.xml:26:9-36:20
37            android:name="com.example.indiacastdemo.SplashScreenActivity"
37-->src\main\AndroidManifest.xml:27:13-49
38            android:screenOrientation="portrait"
38-->src\main\AndroidManifest.xml:28:13-49
39            android:theme="@style/AppTheme.FullScreen"
39-->src\main\AndroidManifest.xml:29:13-55
40            android:windowSoftInputMode="stateHidden" >
40-->src\main\AndroidManifest.xml:30:13-54
41            <intent-filter>
41-->src\main\AndroidManifest.xml:31:13-35:29
42                <action android:name="android.intent.action.MAIN" />
42-->src\main\AndroidManifest.xml:32:17-69
42-->src\main\AndroidManifest.xml:32:25-66
43
44                <category android:name="android.intent.category.LAUNCHER" />
44-->src\main\AndroidManifest.xml:34:17-77
44-->src\main\AndroidManifest.xml:34:27-74
45            </intent-filter>
46        </activity>
47        <activity
47-->src\main\AndroidManifest.xml:37:9-41:57
48            android:name="com.example.indiacastdemo.RegisterActivity"
48-->src\main\AndroidManifest.xml:38:13-45
49            android:screenOrientation="portrait"
49-->src\main\AndroidManifest.xml:39:13-49
50            android:theme="@style/AppTheme.FullScreen"
50-->src\main\AndroidManifest.xml:40:13-55
51            android:windowSoftInputMode="stateHidden" />
51-->src\main\AndroidManifest.xml:41:13-54
52        <activity
52-->src\main\AndroidManifest.xml:42:9-46:58
53            android:name="com.example.indiacastdemo.Main2Activity"
53-->src\main\AndroidManifest.xml:43:13-42
54            android:screenOrientation="portrait"
54-->src\main\AndroidManifest.xml:44:13-49
55            android:theme="@style/AppTheme.NoActionBar"
55-->src\main\AndroidManifest.xml:45:13-56
56            android:windowSoftInputMode="adjustResize" />
56-->src\main\AndroidManifest.xml:46:13-55
57        <activity
57-->src\main\AndroidManifest.xml:47:9-51:66
58            android:name="com.example.indiacastdemo.LoginScreen"
58-->src\main\AndroidManifest.xml:48:13-40
59            android:screenOrientation="portrait"
59-->src\main\AndroidManifest.xml:49:13-49
60            android:theme="@style/AppTheme.FullScreen"
60-->src\main\AndroidManifest.xml:50:13-55
61            android:windowSoftInputMode="stateHidden" />
61-->src\main\AndroidManifest.xml:51:13-54
62        <!-- <service -->
63        <!-- android:name=".MyFirebaseInstanceIDService"> -->
64        <!-- <intent-filter> -->
65        <!-- <action android:name="com.google.firebase.INSTANCE_ID_EVENT" /> -->
66        <!-- </intent-filter> -->
67        <!-- </service> -->
68
69        <service
69-->src\main\AndroidManifest.xml:59:9-66:19
70            android:name="com.example.indiacastdemo.MyFirebaseMessagingService"
70-->src\main\AndroidManifest.xml:60:13-55
71            android:permission="com.google.android.c2dm.permission.SEND" >
71-->src\main\AndroidManifest.xml:61:13-73
72            <intent-filter>
72-->src\main\AndroidManifest.xml:62:13-65:29
73                <action android:name="com.google.firebase.MESSAGING_EVENT" />
73-->src\main\AndroidManifest.xml:63:17-78
73-->src\main\AndroidManifest.xml:63:25-75
74                <action android:name="com.google.android.c2dm.intent.RECEIVE" />
74-->src\main\AndroidManifest.xml:64:17-81
74-->src\main\AndroidManifest.xml:64:25-78
75            </intent-filter>
76        </service>
77
78        <meta-data
78-->src\main\AndroidManifest.xml:67:9-69:57
79            android:name="com.google.firebase.messaging.default_notification_icon"
79-->src\main\AndroidManifest.xml:68:13-83
80            android:resource="@drawable/ic_stat_name" />
80-->src\main\AndroidManifest.xml:69:13-54
81        <meta-data
81-->src\main\AndroidManifest.xml:70:9-72:53
82            android:name="com.google.firebase.messaging.default_notification_color"
82-->src\main\AndroidManifest.xml:71:13-84
83            android:resource="@color/colorAccent" />
83-->src\main\AndroidManifest.xml:72:13-50
84    </application>
85
86</manifest>